2023-07-28 00:36:05 [woorimit] info : GET /register 200 "회원가입 화면으로 이동"
2023-07-28 00:36:05 [woorimit] info : GET /register 200 "회원가입 화면으로 이동"
2023-07-28 00:36:05 [woorimit] info : GET /register 200 "회원가입 화면으로 이동"
2023-07-28 00:36:05 [woorimit] info : GET /login 200 "로그인 화면으로 이동"
2023-07-28 00:42:05 [woorimit] info : GET /login 200 "로그인 화면으로 이동"
2023-07-28 00:47:05 [woorimit] info : GET /login 200 "로그인 화면으로 이동"
2023-07-28 00:48:05 [woorimit] info : GET /login 200 "로그인 화면으로 이동"
2023-07-28 00:48:05 [woorimit] info : GET /register 200 "회원가입 화면으로 이동"
2023-07-28 00:58:05 [woorimit] info : GET /register 200 "회원가입 화면으로 이동"
2023-07-28 01:01:05 [woorimit] info : GET /register 200 "회원가입 화면으로 이동"
2023-07-28 01:01:05 [woorimit] info : GET /login 200 "로그인 화면으로 이동"
2023-07-28 01:01:05 [woorimit] info : GET /login 200 "로그인 화면으로 이동"
2023-07-28 01:01:05 [woorimit] info : GET /register 200 "회원가입 화면으로 이동"
2023-07-28 01:01:05 [woorimit] info : GET /register 200 "회원가입 화면으로 이동"
2023-07-28 01:06:05 [woorimit] info : GET /register 200 "회원가입 화면으로 이동"
2023-07-28 01:06:05 [woorimit] info : GET /register 200 "회원가입 화면으로 이동"
2023-07-28 01:06:05 [woorimit] info : GET /register 200 "회원가입 화면으로 이동"
2023-07-28 01:07:05 [woorimit] info : GET /register 200 "회원가입 화면으로 이동"
2023-07-28 07:40:05 [woorimit] info : GET /register 200 "회원가입 화면으로 이동"
2023-07-28 07:40:05 [woorimit] info : GET /register 200 "회원가입 화면으로 이동"
2023-07-28 07:41:05 [woorimit] info : GET /register 200 "회원가입 화면으로 이동"
2023-07-28 07:41:05 [woorimit] info : GET /register 200 "회원가입 화면으로 이동"
2023-07-28 07:47:05 [woorimit] info : GET /register 200 "회원가입 화면으로 이동"
2023-07-28 07:47:05 [woorimit] info : GET /login 200 "로그인 화면으로 이동"
2023-07-28 07:50:05 [woorimit] info : GET /register 200 "회원가입 화면으로 이동"
2023-07-28 07:50:05 [woorimit] info : GET /register 200 "회원가입 화면으로 이동"
2023-07-28 07:51:05 [woorimit] info : GET /login 200 "로그인 화면으로 이동"
2023-07-28 07:51:05 [woorimit] info : GET /login 200 "로그인 화면으로 이동"
2023-07-28 07:51:05 [woorimit] info : GET /login 200 "로그인 화면으로 이동"
2023-07-28 07:51:05 [woorimit] info : GET /login 200 "로그인 화면으로 이동"
2023-07-28 07:55:05 [woorimit] info : GET /login 200 "로그인 화면으로 이동"
2023-07-28 08:06:05 [woorimit] info : GET /login 200 "로그인 화면으로 이동"
2023-07-28 08:11:05 [woorimit] info : POST /register 200 Response: "success: true, msg: undefined"
2023-07-28 08:12:05 [woorimit] info : GET /login 200 "로그인 화면으로 이동"
2023-07-28 08:12:05 [woorimit] info : GET /login 200 "로그인 화면으로 이동"
2023-07-28 08:14:05 [woorimit] info : GET /login 200 "로그인 화면으로 이동"
2023-07-28 08:14:05 [woorimit] info : GET /login 200 "로그인 화면으로 이동"
2023-07-28 08:14:05 [woorimit] info : POST /login 200 Response: "success: false, msg: 존재하지 않는 아이디입니다."
2023-07-28 08:15:05 [woorimit] info : POST /login 200 Response: "success: true, msg: undefined"
2023-07-28 08:15:05 [woorimit] info : GET /login 200 "로그인 화면으로 이동"
2023-07-28 08:15:05 [woorimit] info : GET /register 200 "회원가입 화면으로 이동"
2023-07-28 08:15:05 [woorimit] info : GET /register 200 "회원가입 화면으로 이동"
2023-07-28 08:17:05 [woorimit] info : GET /register 200 "회원가입 화면으로 이동"
2023-07-28 08:29:05 [woorimit] info : 3000 포트에서 서버가 가동되었습니다.
2023-07-28 08:29:05 [woorimit] info : 3000 포트에서 서버가 가동되었습니다.
2023-07-28 08:29:05 [woorimit] info : GET /register 200 "회원가입 화면으로 이동"
2023-07-28 08:30:05 [woorimit] info : POST /login 200 Response: "success: true, msg: undefined"
2023-07-28 09:24:05 [woorimit] info : GET /login 200 "로그인 화면으로 이동"
2023-07-28 09:30:05 [woorimit] info : POST /login 200 Response: "success: true, msg: undefined"
2023-07-28 09:35:05 [woorimit] info : GET /login 200 "로그인 화면으로 이동"
2023-07-28 09:39:05 [woorimit] info : POST /login 200 Response: "success: true, msg: undefined"
2023-07-28 09:39:05 [woorimit] info : GET /login 200 "로그인 화면으로 이동"
2023-07-28 09:39:05 [woorimit] info : GET /register 200 "회원가입 화면으로 이동"
2023-07-28 09:40:05 [woorimit] info : GET /register 200 "회원가입 화면으로 이동"
2023-07-28 09:40:05 [woorimit] info : GET /register 200 "회원가입 화면으로 이동"
2023-07-28 09:40:05 [woorimit] info : GET /register 200 "회원가입 화면으로 이동"
2023-07-28 09:40:05 [woorimit] info : GET /register 200 "회원가입 화면으로 이동"
2023-07-28 09:40:05 [woorimit] info : GET /register 200 "회원가입 화면으로 이동"
2023-07-28 09:40:05 [woorimit] info : GET /register 200 "회원가입 화면으로 이동"
2023-07-28 09:40:05 [woorimit] info : GET /register 200 "회원가입 화면으로 이동"
2023-07-28 09:40:05 [woorimit] info : GET /register 200 "회원가입 화면으로 이동"
2023-07-28 09:40:05 [woorimit] info : GET /register 200 "회원가입 화면으로 이동"
2023-07-28 09:43:05 [woorimit] info : GET /register 200 "회원가입 화면으로 이동"
2023-07-28 09:43:05 [woorimit] info : GET /register 200 "회원가입 화면으로 이동"
2023-07-28 09:43:05 [woorimit] info : GET /register 200 "회원가입 화면으로 이동"
2023-07-28 09:43:05 [woorimit] info : GET /register 200 "회원가입 화면으로 이동"
2023-07-28 09:43:05 [woorimit] info : GET /login 200 "로그인 화면으로 이동"
2023-07-28 09:45:05 [woorimit] info : GET /login 200 "로그인 화면으로 이동"
2023-07-28 09:45:05 [woorimit] info : GET /login 200 "로그인 화면으로 이동"
2023-07-28 09:45:05 [woorimit] info : GET /login 200 "로그인 화면으로 이동"
2023-07-28 09:49:05 [woorimit] info : GET /register 200 "회원가입 화면으로 이동"
2023-07-28 09:49:05 [woorimit] info : GET /register 200 "회원가입 화면으로 이동"
2023-07-28 09:49:05 [woorimit] info : GET /register 200 "회원가입 화면으로 이동"
2023-07-28 09:49:05 [woorimit] info : GET /register 200 "회원가입 화면으로 이동"
2023-07-28 09:50:05 [woorimit] info : 3000 포트에서 서버가 가동되었습니다.
2023-07-28 09:50:05 [woorimit] info : 3000 포트에서 서버가 가동되었습니다.
2023-07-28 09:50:05 [woorimit] info : GET /register 200 "회원가입 화면으로 이동"
2023-07-28 09:50:05 [woorimit] info : GET /register 200 "회원가입 화면으로 이동"
2023-07-28 09:51:05 [woorimit] info : 3000 포트에서 서버가 가동되었습니다.
2023-07-28 09:51:05 [woorimit] info : 3000 포트에서 서버가 가동되었습니다.
2023-07-28 09:51:05 [woorimit] info : 3000 포트에서 서버가 가동되었습니다.
2023-07-28 09:51:05 [woorimit] info : 3000 포트에서 서버가 가동되었습니다.
2023-07-28 09:51:05 [woorimit] info : 3000 포트에서 서버가 가동되었습니다.
2023-07-28 09:51:05 [woorimit] info : 3000 포트에서 서버가 가동되었습니다.
2023-07-28 09:51:05 [woorimit] info : GET /register 200 "회원가입 화면으로 이동"
2023-07-28 09:52:05 [woorimit] info : GET /register 200 "회원가입 화면으로 이동"
2023-07-28 09:52:05 [woorimit] info : GET /register 200 "회원가입 화면으로 이동"
2023-07-28 09:52:05 [woorimit] info : GET /login 200 "로그인 화면으로 이동"
2023-07-28 09:52:05 [woorimit] info : GET /register 200 "회원가입 화면으로 이동"
2023-07-28 09:53:05 [woorimit] info : GET /register 200 "회원가입 화면으로 이동"
2023-07-28 09:53:05 [woorimit] info : GET /register 200 "회원가입 화면으로 이동"
2023-07-28 09:53:05 [woorimit] info : GET /register 200 "회원가입 화면으로 이동"
2023-07-28 09:54:05 [woorimit] info : 3000 포트에서 서버가 가동되었습니다.
2023-07-28 09:54:05 [woorimit] info : 3000 포트에서 서버가 가동되었습니다.
2023-07-28 09:54:05 [woorimit] info : 3000 포트에서 서버가 가동되었습니다.
2023-07-28 09:54:05 [woorimit] info : GET /register 200 "회원가입 화면으로 이동"
2023-07-28 09:55:05 [woorimit] info : GET /register 200 "회원가입 화면으로 이동"
2023-07-28 09:55:05 [woorimit] info : GET /register 200 "회원가입 화면으로 이동"
2023-07-28 09:55:05 [woorimit] info : GET /register 200 "회원가입 화면으로 이동"
2023-07-28 09:55:05 [woorimit] info : 3000 포트에서 서버가 가동되었습니다.
2023-07-28 09:55:05 [woorimit] info : 3000 포트에서 서버가 가동되었습니다.
2023-07-28 09:56:05 [woorimit] info : 3000 포트에서 서버가 가동되었습니다.
2023-07-28 09:56:05 [woorimit] info : 3000 포트에서 서버가 가동되었습니다.
2023-07-28 09:56:05 [woorimit] info : GET /register 200 "회원가입 화면으로 이동"
2023-07-28 09:56:05 [woorimit] info : GET /register 200 "회원가입 화면으로 이동"
2023-07-28 09:56:05 [woorimit] info : GET /register 200 "회원가입 화면으로 이동"
2023-07-28 09:56:05 [woorimit] info : 3000 포트에서 서버가 가동되었습니다.
2023-07-28 09:56:05 [woorimit] info : GET /register 200 "회원가입 화면으로 이동"
2023-07-28 09:56:05 [woorimit] info : GET /register 200 "회원가입 화면으로 이동"
2023-07-28 09:57:05 [woorimit] info : GET /login 200 "로그인 화면으로 이동"
2023-07-28 10:07:05 [woorimit] info : GET /login 200 "로그인 화면으로 이동"
2023-07-28 10:07:05 [woorimit] info : GET /register 200 "회원가입 화면으로 이동"
2023-07-28 10:10:05 [woorimit] info : GET /login 200 "로그인 화면으로 이동"
2023-07-28 10:10:05 [woorimit] info : POST /login 200 Response: "success: false, msg: 존재하지 않는 아이디입니다."
2023-07-28 10:10:05 [woorimit] info : POST /login 200 Response: "success: true, msg: undefined"
2023-07-28 10:10:05 [woorimit] info : GET /register 200 "회원가입 화면으로 이동"
2023-07-28 10:10:05 [woorimit] info : GET /register 200 "회원가입 화면으로 이동"
2023-07-28 10:10:05 [woorimit] info : GET /login 200 "로그인 화면으로 이동"
2023-07-28 10:14:05 [woorimit] info : GET /login 200 "로그인 화면으로 이동"
2023-07-28 10:14:05 [woorimit] info : GET /login 200 "로그인 화면으로 이동"
2023-07-28 10:14:05 [woorimit] info : GET /login 200 "로그인 화면으로 이동"
2023-07-28 10:14:05 [woorimit] info : GET /login 200 "로그인 화면으로 이동"
2023-07-28 10:14:05 [woorimit] info : GET /login 200 "로그인 화면으로 이동"
2023-07-28 10:14:05 [woorimit] info : GET /login 200 "로그인 화면으로 이동"
2023-07-28 10:14:05 [woorimit] info : GET /login 200 "로그인 화면으로 이동"
2023-07-28 10:16:05 [woorimit] info : 3000 포트에서 서버가 가동되었습니다.
2023-07-28 10:17:05 [woorimit] info : GET /register 200 "회원가입 화면으로 이동"
2023-07-28 10:17:05 [woorimit] info : GET /register 200 "회원가입 화면으로 이동"
2023-07-28 10:17:05 [woorimit] info : GET /login 200 "로그인 화면으로 이동"
2023-07-28 10:17:05 [woorimit] info : GET /register 200 "회원가입 화면으로 이동"
2023-07-28 10:18:05 [woorimit] info : GET /register 200 "회원가입 화면으로 이동"
2023-07-28 10:18:05 [woorimit] info : GET /login 200 "로그인 화면으로 이동"
2023-07-28 10:21:05 [woorimit] info : 3000 포트에서 서버가 가동되었습니다.
2023-07-28 10:21:05 [woorimit] info : GET /login 200 "로그인 화면으로 이동"
2023-07-28 10:21:05 [woorimit] info : GET /register 200 "회원가입 화면으로 이동"
2023-07-28 10:21:05 [woorimit] info : GET /register 200 "회원가입 화면으로 이동"
2023-07-28 10:21:05 [woorimit] info : GET /login 200 "로그인 화면으로 이동"
2023-07-28 10:24:05 [woorimit] info : GET /register 200 "회원가입 화면으로 이동"
2023-07-28 10:52:05 [woorimit] info : 3000 포트에서 서버가 가동되었습니다.
2023-07-28 10:52:05 [woorimit] info : 3000 포트에서 서버가 가동되었습니다.
2023-07-28 10:53:05 [woorimit] info : 3000 포트에서 서버가 가동되었습니다.
2023-07-28 10:53:05 [woorimit] info : GET /register 200 "회원가입 화면으로 이동"
2023-07-28 10:53:05 [woorimit] info : GET /register 200 "회원가입 화면으로 이동"
2023-07-28 10:53:05 [woorimit] info : GET /login 200 "로그인 화면으로 이동"
2023-07-28 10:54:05 [woorimit] info : GET /register 200 "회원가입 화면으로 이동"
2023-07-28 10:54:05 [woorimit] info : GET /register 200 "회원가입 화면으로 이동"
2023-07-28 10:54:05 [woorimit] info : GET /login 200 "로그인 화면으로 이동"
2023-07-28 10:54:05 [woorimit] info : GET /register 200 "회원가입 화면으로 이동"
2023-07-28 10:54:05 [woorimit] info : GET /register 200 "회원가입 화면으로 이동"
2023-07-28 10:54:05 [woorimit] info : GET /login 200 "로그인 화면으로 이동"
2023-07-28 10:54:05 [woorimit] info : GET /register 200 "회원가입 화면으로 이동"
2023-07-28 10:57:05 [woorimit] info : 3000 포트에서 서버가 가동되었습니다.
2023-07-28 10:57:05 [woorimit] info : 3000 포트에서 서버가 가동되었습니다.
2023-07-28 10:57:05 [woorimit] info : 3000 포트에서 서버가 가동되었습니다.
2023-07-28 10:57:05 [woorimit] info : GET /register 200 "회원가입 화면으로 이동"
2023-07-28 10:57:05 [woorimit] info : GET /login 200 "로그인 화면으로 이동"
2023-07-28 10:59:05 [woorimit] info : 3000 포트에서 서버가 가동되었습니다.
2023-07-28 10:59:05 [woorimit] info : GET /login 200 "로그인 화면으로 이동"
2023-07-28 10:59:05 [woorimit] info : POST /login 200 Response: "success: true, msg: undefined"
2023-07-28 10:59:05 [woorimit] info : GET /register 200 "회원가입 화면으로 이동"
2023-07-28 10:59:05 [woorimit] info : GET /register 200 "회원가입 화면으로 이동"
2023-07-28 10:59:05 [woorimit] info : GET /login 200 "로그인 화면으로 이동"
2023-07-28 10:59:05 [woorimit] info : GET /register 200 "회원가입 화면으로 이동"
2023-07-28 11:00:05 [woorimit] info : GET /login 200 "로그인 화면으로 이동"
2023-07-28 11:00:05 [woorimit] info : 3000 포트에서 서버가 가동되었습니다.
2023-07-28 11:00:05 [woorimit] info : GET /register 200 "회원가입 화면으로 이동"
2023-07-28 11:00:05 [woorimit] info : GET /login 200 "로그인 화면으로 이동"
2023-07-28 11:00:05 [woorimit] info : GET /register 200 "회원가입 화면으로 이동"
2023-07-28 11:10:05 [woorimit] info : 3000 포트에서 서버가 가동되었습니다.
2023-07-28 11:10:05 [woorimit] info : GET /register 200 "회원가입 화면으로 이동"
2023-07-28 11:10:05 [woorimit] info : GET /login 200 "로그인 화면으로 이동"
2023-07-28 11:10:05 [woorimit] info : 3000 포트에서 서버가 가동되었습니다.
2023-07-28 11:10:05 [woorimit] info : 3000 포트에서 서버가 가동되었습니다.
2023-07-28 11:11:05 [woorimit] info : 3000 포트에서 서버가 가동되었습니다.
2023-07-28 11:11:05 [woorimit] info : GET /login 200 "로그인 화면으로 이동"
2023-07-28 11:11:05 [woorimit] info : GET /register 200 "회원가입 화면으로 이동"
2023-07-28 11:11:05 [woorimit] info : GET /register 200 "회원가입 화면으로 이동"
2023-07-28 11:11:05 [woorimit] info : GET /login 200 "로그인 화면으로 이동"
2023-07-28 11:11:05 [woorimit] info : GET /register 200 "회원가입 화면으로 이동"
2023-07-28 11:11:05 [woorimit] info : 3000 포트에서 서버가 가동되었습니다.
2023-07-28 11:11:05 [woorimit] info : 3000 포트에서 서버가 가동되었습니다.
2023-07-28 11:12:05 [woorimit] info : 3000 포트에서 서버가 가동되었습니다.
2023-07-28 11:12:05 [woorimit] info : 3000 포트에서 서버가 가동되었습니다.
2023-07-28 11:12:05 [woorimit] info : 3000 포트에서 서버가 가동되었습니다.
2023-07-28 11:12:05 [woorimit] info : 3000 포트에서 서버가 가동되었습니다.
2023-07-28 11:12:05 [woorimit] info : 3000 포트에서 서버가 가동되었습니다.
2023-07-28 11:12:05 [woorimit] info : 3000 포트에서 서버가 가동되었습니다.
2023-07-28 11:12:05 [woorimit] info : GET /register 200 "회원가입 화면으로 이동"
2023-07-28 11:13:05 [woorimit] info : 3000 포트에서 서버가 가동되었습니다.
2023-07-28 11:13:05 [woorimit] info : 3000 포트에서 서버가 가동되었습니다.
2023-07-28 11:13:05 [woorimit] info : GET /register 200 "회원가입 화면으로 이동"
2023-07-28 11:13:05 [woorimit] info : 3000 포트에서 서버가 가동되었습니다.
2023-07-28 11:13:05 [woorimit] info : 3000 포트에서 서버가 가동되었습니다.
2023-07-28 11:14:05 [woorimit] info : 3000 포트에서 서버가 가동되었습니다.
2023-07-28 11:14:05 [woorimit] info : 3000 포트에서 서버가 가동되었습니다.
2023-07-28 11:14:05 [woorimit] info : 3000 포트에서 서버가 가동되었습니다.
2023-07-28 11:14:05 [woorimit] info : 3000 포트에서 서버가 가동되었습니다.
2023-07-28 11:15:05 [woorimit] info : 3000 포트에서 서버가 가동되었습니다.
2023-07-28 11:16:05 [woorimit] info : 3000 포트에서 서버가 가동되었습니다.
2023-07-28 11:16:05 [woorimit] info : 3000 포트에서 서버가 가동되었습니다.
2023-07-28 11:16:05 [woorimit] info : 3000 포트에서 서버가 가동되었습니다.
2023-07-28 11:16:05 [woorimit] info : GET /register 200 "회원가입 화면으로 이동"
2023-07-28 11:17:05 [woorimit] info : 3000 포트에서 서버가 가동되었습니다.
2023-07-28 11:17:05 [woorimit] info : GET /register 200 "회원가입 화면으로 이동"
2023-07-28 11:17:05 [woorimit] info : 3000 포트에서 서버가 가동되었습니다.
2023-07-28 11:17:05 [woorimit] info : 3000 포트에서 서버가 가동되었습니다.
2023-07-28 11:17:05 [woorimit] info : 3000 포트에서 서버가 가동되었습니다.
2023-07-28 11:17:05 [woorimit] info : GET /register 200 "회원가입 화면으로 이동"
2023-07-28 11:20:05 [woorimit] info : 3000 포트에서 서버가 가동되었습니다.
2023-07-28 11:20:05 [woorimit] info : 3000 포트에서 서버가 가동되었습니다.
2023-07-28 11:20:05 [woorimit] info : 3000 포트에서 서버가 가동되었습니다.
2023-07-28 11:20:05 [woorimit] info : 3000 포트에서 서버가 가동되었습니다.
2023-07-28 11:20:05 [woorimit] info : GET /register 200 "회원가입 화면으로 이동"
2023-07-28 11:20:05 [woorimit] info : GET /register 200 "회원가입 화면으로 이동"
2023-07-28 11:21:05 [woorimit] info : 3000 포트에서 서버가 가동되었습니다.
2023-07-28 11:21:05 [woorimit] info : 3000 포트에서 서버가 가동되었습니다.
2023-07-28 11:21:05 [woorimit] info : 3000 포트에서 서버가 가동되었습니다.
2023-07-28 11:21:05 [woorimit] info : GET /register 200 "회원가입 화면으로 이동"
2023-07-28 11:21:05 [woorimit] info : GET /register 200 "회원가입 화면으로 이동"
2023-07-28 11:22:05 [woorimit] info : 3000 포트에서 서버가 가동되었습니다.
2023-07-28 11:22:05 [woorimit] info : GET /register 200 "회원가입 화면으로 이동"
2023-07-28 11:22:05 [woorimit] info : GET /register 200 "회원가입 화면으로 이동"
2023-07-28 11:22:05 [woorimit] info : GET /login 200 "로그인 화면으로 이동"
2023-07-28 11:22:05 [woorimit] info : GET /register 200 "회원가입 화면으로 이동"
2023-07-28 11:22:05 [woorimit] info : 3000 포트에서 서버가 가동되었습니다.
2023-07-28 11:22:05 [woorimit] info : GET /register 200 "회원가입 화면으로 이동"
2023-07-28 11:22:05 [woorimit] info : GET /register 200 "회원가입 화면으로 이동"
2023-07-28 11:23:05 [woorimit] info : GET /register 200 "회원가입 화면으로 이동"
2023-07-28 11:23:05 [woorimit] info : GET /register 200 "회원가입 화면으로 이동"
2023-07-28 11:25:05 [woorimit] info : 3000 포트에서 서버가 가동되었습니다.
2023-07-28 11:25:05 [woorimit] info : GET /register 200 "회원가입 화면으로 이동"
2023-07-28 11:25:05 [woorimit] info : GET /register 200 "회원가입 화면으로 이동"
2023-07-28 11:26:05 [woorimit] info : 3000 포트에서 서버가 가동되었습니다.
2023-07-28 11:26:05 [woorimit] info : 3000 포트에서 서버가 가동되었습니다.
2023-07-28 11:32:05 [woorimit] info : 3000 포트에서 서버가 가동되었습니다.
2023-07-28 11:32:05 [woorimit] info : 3000 포트에서 서버가 가동되었습니다.
2023-07-28 11:32:05 [woorimit] info : GET /register 200 "회원가입 화면으로 이동"
2023-07-28 11:33:05 [woorimit] info : 3000 포트에서 서버가 가동되었습니다.
2023-07-28 11:33:05 [woorimit] info : 3000 포트에서 서버가 가동되었습니다.
2023-07-28 11:33:05 [woorimit] info : GET /register 200 "회원가입 화면으로 이동"
2023-07-28 11:33:05 [woorimit] info : GET /register 200 "회원가입 화면으로 이동"
2023-07-28 11:33:05 [woorimit] info : 3000 포트에서 서버가 가동되었습니다.
2023-07-28 11:33:05 [woorimit] info : 3000 포트에서 서버가 가동되었습니다.
2023-07-28 11:33:05 [woorimit] info : 3000 포트에서 서버가 가동되었습니다.
2023-07-28 11:38:05 [woorimit] info : 3000 포트에서 서버가 가동되었습니다.
2023-07-28 11:38:05 [woorimit] info : 3000 포트에서 서버가 가동되었습니다.
2023-07-28 11:38:05 [woorimit] info : GET /register 200 "회원가입 화면으로 이동"
2023-07-28 11:38:05 [woorimit] info : GET /register 200 "회원가입 화면으로 이동"
2023-07-28 11:38:05 [woorimit] info : 3000 포트에서 서버가 가동되었습니다.
2023-07-28 11:44:05 [woorimit] info : GET /register 200 "회원가입 화면으로 이동"
2023-07-28 11:44:05 [woorimit] info : GET /register 200 "회원가입 화면으로 이동"
2023-07-28 11:48:05 [woorimit] info : 3000 포트에서 서버가 가동되었습니다.
2023-07-28 11:48:05 [woorimit] info : GET /register 200 "회원가입 화면으로 이동"
2023-07-28 11:48:05 [woorimit] info : GET /register 200 "회원가입 화면으로 이동"
2023-07-28 11:49:05 [woorimit] info : GET /register 200 "회원가입 화면으로 이동"
2023-07-28 11:49:05 [woorimit] info : GET /register 200 "회원가입 화면으로 이동"
2023-07-28 11:50:05 [woorimit] info : 3000 포트에서 서버가 가동되었습니다.
2023-07-28 11:50:05 [woorimit] info : GET /register 200 "회원가입 화면으로 이동"
2023-07-28 11:50:05 [woorimit] info : GET /register 200 "회원가입 화면으로 이동"
2023-07-28 11:57:05 [woorimit] info : 3000 포트에서 서버가 가동되었습니다.
2023-07-28 11:57:05 [woorimit] info : 3000 포트에서 서버가 가동되었습니다.
2023-07-28 11:57:05 [woorimit] info : 3000 포트에서 서버가 가동되었습니다.
2023-07-28 11:57:05 [woorimit] info : 3000 포트에서 서버가 가동되었습니다.
2023-07-28 11:57:05 [woorimit] info : 3000 포트에서 서버가 가동되었습니다.
2023-07-28 11:57:05 [woorimit] info : 3000 포트에서 서버가 가동되었습니다.
2023-07-28 11:57:05 [woorimit] info : 3000 포트에서 서버가 가동되었습니다.
2023-07-28 11:57:05 [woorimit] info : 3000 포트에서 서버가 가동되었습니다.
2023-07-28 11:57:05 [woorimit] info : GET /register 200 "회원가입 화면으로 이동"
2023-07-28 11:57:05 [woorimit] info : GET /register 200 "회원가입 화면으로 이동"
2023-07-28 11:57:05 [woorimit] info : GET /login 200 "로그인 화면으로 이동"
2023-07-28 11:58:05 [woorimit] info : GET /register 200 "회원가입 화면으로 이동"
2023-07-28 12:09:05 [woorimit] info : 3000 포트에서 서버가 가동되었습니다.
2023-07-28 12:11:05 [woorimit] info : 3000 포트에서 서버가 가동되었습니다.
2023-07-28 12:12:05 [woorimit] info : 3000 포트에서 서버가 가동되었습니다.
2023-07-28 12:15:05 [woorimit] info : 3000 포트에서 서버가 가동되었습니다.
2023-07-28 12:16:05 [woorimit] info : 3000 포트에서 서버가 가동되었습니다.
2023-07-28 12:18:05 [woorimit] info : 3000 포트에서 서버가 가동되었습니다.
2023-07-28 12:18:05 [woorimit] info : GET /login 200 "로그인 화면으로 이동"
2023-07-28 12:19:05 [woorimit] info : POST /login 200 Response: "success: true, msg: undefined"
2023-07-28 12:20:05 [woorimit] info : 3000 포트에서 서버가 가동되었습니다.
